#
# There is insufficient memory for the Java Runtime Environment to continue.
# Native memory allocation (malloc) failed to allocate 980016 bytes. Error detail: Chunk::new
# Possible reasons:
#   The system is out of physical RAM or swap space
#   This process is running with CompressedOops enabled, and the Java Heap may be blocking the growth of the native heap
# Possible solutions:
#   Reduce memory load on the system
#   Increase physical memory or swap space
#   Check if swap backing store is full
#   Decrease Java heap size (-Xmx/-Xms)
#   Decrease number of Java threads
#   Decrease Java thread stack sizes (-Xss)
#   Set larger code cache with -XX:ReservedCodeCacheSize=
#   JVM is running with Unscaled Compressed Oops mode in which the Java heap is
#     placed in the first 4GB address space. The Java Heap base address is the
#     maximum limit for the native heap growth. Please use -XX:HeapBaseMinAddress
#     to set the Java Heap base and to place the Java Heap above 4GB virtual address.
# This output file may be truncated or incomplete.
#
#  Out of Memory Error (arena.cpp:191), pid=5088, tid=8528
#
# JRE version: OpenJDK Runtime Environment (17.0.11) (build 17.0.11+0--11852314)
# Java VM: OpenJDK 64-Bit Server VM (17.0.11+0--11852314, mixed mode, tiered, compressed oops, compressed class ptrs, g1 gc, windows-amd64)
# No core dump will be written. Minidumps are not enabled by default on client versions of Windows
#

---------------  S U M M A R Y ------------

Command Line: org.jetbrains.kotlin.cli.jvm.K2JVMCompiler @C:\Users\HACKER\AndroidStudioProjects\GPresence\app\build\20240724_12703981832581017763.compiler.options

Host: AMD E2-9000e RADEON R2, 4 COMPUTE CORES 2C+2G  , 2 cores, 7G,  Windows 10 , 64 bit Build 19041 (10.0.19041.4597)
Time: Wed Jul 24 22:12:24 2024 Paris, Madrid (heure duild 19041 (10.0.19041.4597) elapsed time: 47.053548 seconds (0d 0h 0m 47s)

---------------  T H R E A D  ---------------

Current thread (0x000001953f551d60):  JavaThread "C2 CompilerThread0" daemon [_thread_in_native, id=8528, stack(0x000000239b400000,0x000000239b500000)]


Current CompileTask:
C2:  47053 7374       4       org.jetbrains.kotlin.protobuf.GeneratedMessageLite::parseUnknownField (518 bytes)

Stack: [0x000000239b400000,0x000000239b500000]
Native frames: (J=compiled Java code, j=interpreted, Vv=VM code, C=native code)
V  [jvm.dll+0x687bb9]
V  [jvm.dll+0x84142a]
V  [jvm.dll+0x8430ae]
V  [jvm.dll+0x843713]
V  [jvm.dll+0x24a35f]
V  [jvm.dll+0xac544]
V  [jvm.dll+0xacb8c]
V  [jvm.dll+0x369be2]
V  [jvm.dll+0x33416a]
V  [jvm.dll+0x33360a]
V  [jvm.dll+0x21bed1]
V  [jvm.dll+0x21b311]
V  [jvm.dll+0x1a63ed]
V  [jvm.dll+0x22b1ee]
V  [jvm.dll+0x229375]
V  [jvm.dll+0x7f5647]
V  [jvm.dll+0x7efa4a]
V  [jvm.dll+0x686a35]
C  [ucrtbase.dll+0x21bb2]
C  [KERNEL32.DLL+0x17374]
C  [ntdll.dll+0x4cc91]


---------------  P R O C E S S  ---------------

Threads class SMR info:
_java_thread_list=0x000001953f93b200, length=12, elements={
0x0000019524911230, 0x000001953f506ec0, 0x000001953f507b40, 0x000001953f52b070,
0x000001953f52b940, 0x000001953f52c300, 0x000001953f551070, 0x000001953f551d60,
0x000001953f555c60, 0x000001953f557240, 0x000001953f8fdfc0, 0x000001953f8fe8b0
}

Java Threads: ( => current thread )
  0x0000019524911230 JavaThread "main" [_thread_in_vm, id=8972, stack(0x000000239a700000,0x000000239a800000)]
  0x000001953f506ec0 JavaThread "Reference Handler" daemon [_thread_blocked, id=2552, stack(0x000000239ae00000,0x000000239af00000)]
  0x000001953f507b40 JavaThread "Finalizer" daemon [_thread_blocked, id=9576, stack(0x000000239af00000,0x000000239b000000)]
  0x000001953f52b070 JavaThread "Signal Dispatcher" daemon [_thread_blocked, id=9560, stack(0x000000239b000000,0x000000239b100000)]
  0x000001953f52b940 JavaThread "Attach Listener" daemon [_thread_blocked, id=6480, stack(0x000000239b100000,0x000000239b200000)]
  0x000001953f52c300 JavaThread "Service Thread" daemon [_thread_blocked, id=10584, stack(0x000000239b200000,0x000000239b300000)]
  0x000001953f551070 JavaThread "Monitor Deflation Thread" daemon [_thread_blocked, id=10684, stack(0x000000239b300000,0x000000239b400000)]
=>0x000001953f551d60 JavaThread "C2 CompilerThread0" daemon [_thread_in_native, id=8528, stack(0x000000239b400000,0x000000239b500000)]
  0x000001953f555c60 JavaThread "C1 CompilerThread0" daemon [_thread_blocked, id=9384, stack(0x000000239b500000,0x000000239b600000)]
  0x000001953f557240 JavaThread "Sweeper thread" daemon [_thread_blocked, id=9048, stack(0x000000239b600000,0x000000239b700000)]
  0x000001953f8fdfc0 JavaThread "Notification Thread" daemon [_thread_blocked, id=6584, stack(0x000000239b700000,0x000000239b800000)]
  0x000001953f8fe8b0 JavaThread "Common-Cleaner" daemon [_thread_blocked, id=5528, stack(0x000000239b900000,0x000000239ba00000)]

Other Threads:
  0x000001953f504390 VMThread "VM Thread" [stack: 0x000000239ad00000,0x000000239ae00000] [id=7972]
  0x000001953f49ed90 WatcherThread [stack: 0x000000239b800000,0x000000239b900000] [id=1164]
  0x00000195249679d0 GCTaskThread "GC Thread#0" [stack: 0x000000239a800000,0x000000239a900000] [id=6784]
  0x000001953fb385e0 GCTaskThread "GC Thread#1" [stack: 0x000000239ba00000,0x000000239bb00000] [id=7036]
  0x0000019524977820 ConcurrentGCThread "G1 Main Marker" [stack: 0x000000239a900000,0x000000239aa00000] [id=8004]
  0x0000019524978240 ConcurrentGCThread "G1 Conc#0" [stack: 0x000000239aa00000,0x000000239ab00000] [id=8280]
  0x000001953f370090 ConcurrentGCThread "G1 Refine#0" [stack: 0x000000239ab00000,0x000000239ac00000] [id=7292]
  0x0000019545470660 ConcurrentGCThread "G1 Refine#1" [stack: 0x000000239bb00000,0x000000239bc00000] [id=4128]
  0x000001953f370ac0 ConcurrentGCThread "G1 Service" [stack: 0x000000239ac00000,0x000000239ad00000] [id=9748]

Threads with active compile tasks:
C2 CompilerThread0    47130 7374       4       org.jetbrains.kotlin.protobuf.GeneratedMessageLite::parseUnknownField (518 bytes)

VM state: not at safepoint (normal execution)

VM Mutex/Monitor currently owned by a thread: None

Heap address: 0x0000000088800000, size: 1912 MB, Compressed Oops mode: 32-bit

CDS archive(s) not mapped
Compressed class space mapped at: 0x0000000100000000-0x0000000140000000, reserved size: 1073741824
Narrow klass base: 0x0000000000000000, Narrow klass shift: 3, Narrow klass range: 0x140000000

GC Precious Log:
 CPUs: 2 total, 2 available
 Memory: 7645M
 Large Page Support: Disabled
 NUMA Support: Disabled
 Compressed Oops: Enabled (32-bit)
 Heap Region Size: 1M
 Heap Min Capacity: 8M
 Heap Initial Capacity: 120M
 Heap Max Capacity: 1912M
 Pre-touch: Disabled
 Parallel Workers: 2
 Concurrent Workers: 1
 Concurrent Refinement Workers: 2
 Periodic GC: Disabled

Heap:
 garbage-first heap   total 161792K, used 51121K [0x0000000088800000, 0x0000000100000000)
  region size 1024K, 6 young (6144K), 1 survivors (1024K)
 Metaspace       used 61210K, committed 61504K, reserved 1114112K
  class space    used 7042K, committed 7168K, reserved 1048576K

Heap Regions: E=young(eden), S=young(survivor), O=old, HS=humongous(starts), HC=humongous(continues), CS=collection set, F=free, OA=open archive, CA=closed archive, TAMS=top-at-mark-start (previous, next)
|   0|0x0000000088800000, 0x0000000088900000, 0x0000000088900000|100%|HS|  |TAMS 0x0000000088900000, 0x0000000088800000| Complete 
|   1|0x0000000088900000, 0x0000000088a00000, 0x0000000088a00000|100%|HC|  |TAMS 0x0000000088a00000, 0x0000000088900000| Complete 
|   2|0x0000000088a00000, 0x0000000088b00000, 0x0000000088b00000|100%|HC|  |TAMS 0x0000000088b00000, 0x0000000088a00000| Complete 
|   3|0x0000000088b00000, 0x0000000088c00000, 0x0000000088c00000|100%|HC|  |TAMS 0x0000000088c00000, 0x0000000088b00000| Complete 
|   4|0x0000000088c00000, 0x0000000088d00000, 0x0000000088d00000|100%| O|  |TAMS 0x0000000088d00000, 0x0000000088c00000| Untracked 
|   5|0x0000000088d00000, 0x0000000088e00000, 0x0000000088e00000|100%| O|  |TAMS 0x0000000088e00000, 0x0000000088d00000| Untracked 
|   6|0x0000000088e00000, 0x0000000088f00000, 0x0000000088f00000|100%| O|  |TAMS 0x0000000088f00000, 0x0000000088e00000| Untracked 
|   7|0x0000000088f00000, 0x0000000089000000, 0x0000000089000000|100%| O|  |TAMS 0x0000000089000000, 0x0000000088f00000| Untracked 
|   8|0x0000000089000000, 0x0000000089100000, 0x0000000089100000|100%| O|  |TAMS 0x0000000089100000, 0x0000000089000000| Untracked 
|   9|0x0000000089100000, 0x0000000089200000, 0x0000000089200000|100%| O|  |TAMS 0x0000000089200000, 0x0000000089100000| Untracked 
|  10|0x0000000089200000, 0x0000000089300000, 0x0000000089300000|100%| O|  |TAMS 0x0000000089300000, 0x0000000089200000| Untracked 
|  11|0x0000000089300000, 0x0000000089400000, 0x0000000089400000|100%| O|  |TAMS 0x0000000089400000, 0x0000000089300000| Untracked 
|  12|0x0000000089400000, 0x0000000089500000, 0x0000000089500000|100%| O|  |TAMS 0x0000000089500000, 0x0000000089400000| Untracked 
|  13|0x0000000089500000, 0x0000000089600000, 0x0000000089600000|100%| O|  |TAMS 0x0000000089600000, 0x0000000089500000| Untracked 
|  14|0x0000000089600000, 0x0000000089700000, 0x0000000089700000|100%| O|  |TAMS 0x0000000089700000, 0x0000000089600000| Untracked 
|  15|0x0000000089700000, 0x0000000089800000, 0x0000000089800000|100%| O|  |TAMS 0x0000000089800000, 0x0000000089700000| Untracked 
|  16|0x0000000089800000, 0x0000000089900000, 0x0000000089900000|100%| O|  |TAMS 0x0000000089900000, 0x0000000089800000| Untracked 
|  17|0x0000000089900000, 0x0000000089a00000, 0x0000000089a00000|100%| O|  |TAMS 0x0000000089a00000, 0x0000000089900000| Untracked 
|  18|0x0000000089a00000, 0x0000000089a00000, 0x0000000089b00000|  0%| F|  |TAMS 0x0000000089a00000, 0x0000000089a00000| Untracked 
|  19|0x0000000089b00000, 0x0000000089c00000, 0x0000000089c00000|100%| O|  |TAMS 0x0000000089c00000, 0x0000000089b00000| Untracked 
|  20|0x0000000089c00000, 0x0000000089d00000, 0x0000000089d00000|100%|HS|  |TAMS 0x0000000089d00000, 0x0000000089c00000| Complete 
|  21|0x0000000089d00000, 0x0000000089e00000, 0x0000000089e00000|100%|HC|  |TAMS 0x0000000089e00000, 0x0000000089d00000| Complete 
|  22|0x0000000089e00000, 0x0000000089f00000, 0x0000000089f00000|100%| O|  |TAMS 0x0000000089f00000, 0x0000000089e00000| Untracked 
|  23|0x0000000089f00000, 0x000000008a000000, 0x000000008a000000|100%| O|  |TAMS 0x000000008a000000, 0x0000000089f00000| Untracked 
|  24|0x000000008a000000, 0x000000008a100000, 0x000000008a100000|100%| O|  |TAMS 0x000000008a100000, 0x000000008a000000| Untracked 
|  25|0x000000008a100000, 0x000000008a200000, 0x000000008a200000|100%| O|  |TAMS 0x000000008a200000, 0x000000008a100000| Untracked 
|  26|0x000000008a200000, 0x000000008a300000, 0x000000008a300000|100%| O|  |TAMS 0x000000008a300000, 0x000000008a200000| Untracked 
|  27|0x000000008a300000, 0x000000008a400000, 0x000000008a400000|100%| O|  |TAMS 0x000000008a400000, 0x000000008a300000| Untracked 
|  28|0x000000008a400000, 0x000000008a500000, 0x000000008a500000|100%| O|  |TAMS 0x000000008a500000, 0x000000008a400000| Untracked 
|  29|0x000000008a500000, 0x000000008a600000, 0x000000008a600000|100%| O|  |TAMS 0x000000008a600000, 0x000000008a500000| Untracked 
|  30|0x000000008a600000, 0x000000008a700000, 0x000000008a700000|100%| O|  |TAMS 0x000000008a700000, 0x000000008a600000| Untracked 
|  31|0x000000008a700000, 0x000000008a800000, 0x000000008a800000|100%| O|  |TAMS 0x000000008a800000, 0x000000008a700000| Untracked 
|  32|0x000000008a800000, 0x000000008a900000, 0x000000008a900000|100%| O|  |TAMS 0x000000008a900000, 0x000000008a800000| Untracked 
|  33|0x000000008a900000, 0x000000008aa00000, 0x000000008aa00000|100%| O|  |TAMS 0x000000008aa00000, 0x000000008a900000| Untracked 
|  34|0x000000008aa00000, 0x000000008ab00000, 0x000000008ab00000|100%| O|  |TAMS 0x000000008ab00000, 0x000000008aa00000| Untracked 
|  35|0x000000008ab00000, 0x000000008ac00000, 0x000000008ac00000|100%| O|  |TAMS 0x000000008ac00000, 0x000000008ab00000| Untracked 
|  36|0x000000008ac00000, 0x000000008ad00000, 0x000000008ad00000|100%| O|  |TAMS 0x000000008ac00000, 0x000000008ac00000| Untracked 
|  37|0x000000008ad00000, 0x000000008ae00000, 0x000000008ae00000|100%| O|  |TAMS 0x000000008ae00000, 0x000000008ad00000| Untracked 
|  38|0x000000008ae00000, 0x000000008af00000, 0x000000008af00000|100%| O|  |TAMS 0x000000008af00000, 0x000000008ae00000| Untracked 
|  39|0x000000008af00000, 0x000000008b000000, 0x000000008b000000|100%| O|  |TAMS 0x000000008af00000, 0x000000008af00000| Untracked 
|  40|0x000000008b000000, 0x000000008b100000, 0x000000008b100000|100%| O|  |TAMS 0x000000008b100000, 0x000000008b000000| Untracked 
|  41|0x000000008b100000, 0x000000008b200000, 0x000000008b200000|100%| O|  |TAMS 0x000000008b200000, 0x000000008b100000| Untracked 
|  42|0x000000008b200000, 0x000000008b300000, 0x000000008b300000|100%| O|  |TAMS 0x000000008b300000, 0x000000008b200000| Untracked 
|  43|0x000000008b300000, 0x000000008b400000, 0x000000008b400000|100%| O|  |TAMS 0x000000008b400000, 0x000000008b300000| Untracked 
|  44|0x000000008b400000, 0x000000008b500000, 0x000000008b500000|100%| O|  |TAMS 0x000000008b500000, 0x000000008b400000| Untracked 
|  45|0x000000008b500000, 0x000000008b600000, 0x000000008b600000|100%| O|  |TAMS 0x000000008b5bb200, 0x000000008b500000| Untracked 
|  46|0x000000008b600000, 0x000000008b6b8e00, 0x000000008b700000| 72%| O|  |TAMS 0x000000008b600000, 0x000000008b600000| Untracked 
|  47|0x000000008b700000, 0x000000008b700000, 0x000000008b800000|  0%| F|  |TAMS 0x000000008b700000, 0x000000008b700000| Untracked 
|  48|0x000000008b800000, 0x000000008b800000, 0x000000008b900000|  0%| F|  |TAMS 0x000000008b800000, 0x000000008b800000| Untracked 
|  49|0x000000008b900000, 0x000000008b900000, 0x000000008ba00000|  0%| F|  |TAMS 0x000000008b900000, 0x000000008b900000| Untracked 
|  50|0x000000008ba00000, 0x000000008ba00000, 0x000000008bb00000|  0%| F|  |TAMS 0x000000008ba00000, 0x000000008ba00000| Untracked 
|  51|0x000000008bb00000, 0x000000008bb00000, 0x000000008bc00000|  0%| F|  |TAMS 0x000000008bb00000, 0x000000008bb00000| Untracked 
|  52|0x000000008bc00000, 0x000000008bc00000, 0x000000008bd00000|  0%| F|  |TAMS 0x000000008bc00000, 0x000000008bc00000| Untracked 
|  53|0x000000008bd00000, 0x000000008bd00000, 0x000000008be00000|  0%| F|  |TAMS 0x000000008bd00000, 0x000000008bd00000| Untracked 
|  54|0x000000008be00000, 0x000000008be00000, 0x000000008bf00000|  0%| F|  |TAMS 0x000000008be00000, 0x000000008be00000| Untracked 
|  55|0x000000008bf00000, 0x000000008bf00000, 0x000000008c000000|  0%| F|  |TAMS 0x000000008bf00000, 0x000000008bf00000| Untracked 
|  56|0x000000008c000000, 0x000000008c000000, 0x000000008c100000|  0%| F|  |TAMS 0x000000008c000000, 0x000000008c000000| Untracked 
|  57|0x000000008c100000, 0x000000008c100000, 0x000000008c200000|  0%| F|  |TAMS 0x000000008c100000, 0x000000008c100000| Untracked 
|  58|0x000000008c200000, 0x000000008c200000, 0x000000008c300000|  0%| F|  |TAMS 0x000000008c200000, 0x000000008c200000| Untracked 
|  59|0x000000008c300000, 0x000000008c300000, 0x000000008c400000|  0%| F|  |TAMS 0x000000008c300000, 0x000000008c300000| Untracked 
|  60|0x000000008c400000, 0x000000008c400000, 0x000000008c500000|  0%| F|  |TAMS 0x000000008c400000, 0x000000008c400000| Untracked 
|  61|0x000000008c500000, 0x000000008c500000, 0x000000008c600000|  0%| F|  |TAMS 0x000000008c500000, 0x000000008c500000| Untracked 
|  62|0x000000008c600000, 0x000000008c600000, 0x000000008c700000|  0%| F|  |TAMS 0x000000008c600000, 0x000000008c600000| Untracked 
|  63|0x000000008c700000, 0x000000008c700000, 0x000000008c800000|  0%| F|  |TAMS 0x000000008c700000, 0x000000008c700000| Untracked 
|  64|0x000000008c800000, 0x000000008c800000, 0x000000008c900000|  0%| F|  |TAMS 0x000000008c800000, 0x000000008c800000| Untracked 
|  65|0x000000008c900000, 0x000000008c900000, 0x000000008ca00000|  0%| F|  |TAMS 0x000000008c900000, 0x000000008c900000| Untracked 
|  66|0x000000008ca00000, 0x000000008ca00000, 0x000000008cb00000|  0%| F|  |TAMS 0x000000008ca00000, 0x000000008ca00000| Untracked 
|  67|0x000000008cb00000, 0x000000008cb00000, 0x000000008cc00000|  0%| F|  |TAMS 0x000000008cb00000, 0x000000008cb00000| Untracked 
|  68|0x000000008cc00000, 0x000000008cc00000, 0x000000008cd00000|  0%| F|  |TAMS 0x000000008cc00000, 0x000000008cc00000| Untracked 
|  69|0x000000008cd00000, 0x000000008cd00000, 0x000000008ce00000|  0%| F|  |TAMS 0x000000008cd00000, 0x000000008cd00000| Untracked 
|  70|0x000000008ce00000, 0x000000008ce00000, 0x000000008cf00000|  0%| F|  |TAMS 0x000000008ce00000, 0x000000008ce00000| Untracked 
|  71|0x000000008cf00000, 0x000000008cf00000, 0x000000008d000000|  0%| F|  |TAMS 0x000000008cf00000, 0x000000008cf00000| Untracked 
|  72|0x000000008d000000, 0x000000008d000000, 0x000000008d100000|  0%| F|  |TAMS 0x000000008d000000, 0x000000008d000000| Untracked 
|  73|0x000000008d100000, 0x000000008d100000, 0x000000008d200000|  0%| F|  |TAMS 0x000000008d100000, 0x000000008d100000| Untracked 
|  74|0x000000008d200000, 0x000000008d200000, 0x000000008d300000|  0%| F|  |TAMS 0x000000008d200000, 0x000000008d200000| Untracked 
|  75|0x000000008d300000, 0x000000008d300000, 0x000000008d400000|  0%| F|  |TAMS 0x000000008d300000, 0x000000008d300000| Untracked 
|  76|0x000000008d400000, 0x000000008d400000, 0x000000008d500000|  0%| F|  |TAMS 0x000000008d400000, 0x000000008d400000| Untracked 
|  77|0x000000008d500000, 0x000000008d500000, 0x000000008d600000|  0%| F|  |TAMS 0x000000008d500000, 0x000000008d500000| Untracked 
|  78|0x000000008d600000, 0x000000008d600000, 0x000000008d700000|  0%| F|  |TAMS 0x000000008d600000, 0x000000008d600000| Untracked 
|  79|0x000000008d700000, 0x000000008d700000, 0x000000008d800000|  0%| F|  |TAMS 0x000000008d700000, 0x000000008d700000| Untracked 
|  80|0x000000008d800000, 0x000000008d800000, 0x000000008d900000|  0%| F|  |TAMS 0x000000008d800000, 0x000000008d800000| Untracked 
|  81|0x000000008d900000, 0x000000008d900000, 0x000000008da00000|  0%| F|  |TAMS 0x000000008d900000, 0x000000008d900000| Untracked 
|  82|0x000000008da00000, 0x000000008da00000, 0x000000008db00000|  0%| F|  |TAMS 0x000000008da00000, 0x000000008da00000| Untracked 
|  83|0x000000008db00000, 0x000000008db00000, 0x000000008dc00000|  0%| F|  |TAMS 0x000000008db00000, 0x000000008db00000| Untracked 
|  84|0x000000008dc00000, 0x000000008dc00000, 0x000000008dd00000|  0%| F|  |TAMS 0x000000008dc00000, 0x000000008dc00000| Untracked 
|  85|0x000000008dd00000, 0x000000008dd33620, 0x000000008de00000| 20%| S|CS|TAMS 0x000000008dd00000, 0x000000008dd00000| Complete 
|  86|0x000000008de00000, 0x000000008de00000, 0x000000008df00000|  0%| F|  |TAMS 0x000000008de00000, 0x000000008de00000| Untracked 
|  87|0x000000008df00000, 0x000000008df00000, 0x000000008e000000|  0%| F|  |TAMS 0x000000008df00000, 0x000000008df00000| Untracked 
|  88|0x000000008e000000, 0x000000008e000000, 0x000000008e100000|  0%| F|  |TAMS 0x000000008e000000, 0x000000008e000000| Untracked 
|  89|0x000000008e100000, 0x000000008e100000, 0x000000008e200000|  0%| F|  |TAMS 0x000000008e100000, 0x000000008e100000| Untracked 
|  90|0x000000008e200000, 0x000000008e200000, 0x000000008e300000|  0%| F|  |TAMS 0x000000008e200000, 0x000000008e200000| Untracked 
|  91|0x000000008e300000, 0x000000008e300000, 0x000000008e400000|  0%| F|  |TAMS 0x000000008e300000, 0x000000008e300000| Untracked 
|  92|0x000000008e400000, 0x000000008e400000, 0x000000008e500000|  0%| F|  |TAMS 0x000000008e400000, 0x000000008e400000| Untracked 
|  93|0x000000008e500000, 0x000000008e500000, 0x000000008e600000|  0%| F|  |TAMS 0x000000008e500000, 0x000000008e500000| Untracked 
|  94|0x000000008e600000, 0x000000008e600000, 0x000000008e700000|  0%| F|  |TAMS 0x000000008e600000, 0x000000008e600000| Untracked 
|  95|0x000000008e700000, 0x000000008e700000, 0x000000008e800000|  0%| F|  |TAMS 0x000000008e700000, 0x000000008e700000| Untracked 
|  96|0x000000008e800000, 0x000000008e800000, 0x000000008e900000|  0%| F|  |TAMS 0x000000008e800000, 0x000000008e800000| Untracked 
|  97|0x000000008e900000, 0x000000008e900000, 0x000000008ea00000|  0%| F|  |TAMS 0x000000008e900000, 0x000000008e900000| Untracked 
|  98|0x000000008ea00000, 0x000000008ea00000, 0x000000008eb00000|  0%| F|  |TAMS 0x000000008ea00000, 0x000000008ea00000| Untracked 
|  99|0x000000008eb00000, 0x000000008eb00000, 0x000000008ec00000|  0%| F|  |TAMS 0x000000008eb00000, 0x000000008eb00000| Untracked 
| 100|0x000000008ec00000, 0x000000008ec00000, 0x000000008ed00000|  0%| F|  |TAMS 0x000000008ec00000, 0x000000008ec00000| Untracked 
| 101|0x000000008ed00000, 0x000000008ed00000, 0x000000008ee00000|  0%| F|  |TAMS 0x000000008ed00000, 0x000000008ed00000| Untracked 
| 102|0x000000008ee00000, 0x000000008ee00000, 0x000000008ef00000|  0%| F|  |TAMS 0x000000008ee00000, 0x000000008ee00000| Untracked 
| 103|0x000000008ef00000, 0x000000008ef00000, 0x000000008f000000|  0%| F|  |TAMS 0x000000008ef00000, 0x000000008ef00000| Untracked 
| 104|0x000000008f000000, 0x000000008f000000, 0x000000008f100000|  0%| F|  |TAMS 0x000000008f000000, 0x000000008f000000| Untracked 
| 105|0x000000008f100000, 0x000000008f100000, 0x000000008f200000|  0%| F|  |TAMS 0x000000008f100000, 0x000000008f100000| Untracked 
| 106|0x000000008f200000, 0x000000008f200000, 0x000000008f300000|  0%| F|  |TAMS 0x000000008f200000, 0x000000008f200000| Untracked 
| 107|0x000000008f300000, 0x000000008f300000, 0x000000008f400000|  0%| F|  |TAMS 0x000000008f300000, 0x000000008f300000| Untracked 
| 108|0x000000008f400000, 0x000000008f400000, 0x000000008f500000|  0%| F|  |TAMS 0x000000008f400000, 0x000000008f400000| Untracked 
| 109|0x000000008f500000, 0x000000008f500000, 0x000000008f600000|  0%| F|  |TAMS 0x000000008f500000, 0x000000008f500000| Untracked 
| 110|0x000000008f600000, 0x000000008f600000, 0x000000008f700000|  0%| F|  |TAMS 0x000000008f600000, 0x000000008f600000| Untracked 
| 111|0x000000008f700000, 0x000000008f700000, 0x000000008f800000|  0%| F|  |TAMS 0x000000008f700000, 0x000000008f700000| Untracked 
| 112|0x000000008f800000, 0x000000008f800000, 0x000000008f900000|  0%| F|  |TAMS 0x000000008f800000, 0x000000008f800000| Untracked 
| 113|0x000000008f900000, 0x000000008f900000, 0x000000008fa00000|  0%| F|  |TAMS 0x000000008f900000, 0x000000008f900000| Untracked 
| 114|0x000000008fa00000, 0x000000008fa00000, 0x000000008fb00000|  0%| F|  |TAMS 0x000000008fa00000, 0x000000008fa00000| Untracked 
| 115|0x000000008fb00000, 0x000000008fb00000, 0x000000008fc00000|  0%| F|  |TAMS 0x000000008fb00000, 0x000000008fb00000| Untracked 
| 116|0x000000008fc00000, 0x000000008fc00000, 0x000000008fd00000|  0%| F|  |TAMS 0x000000008fc00000, 0x000000008fc00000| Untracked 
| 117|0x000000008fd00000, 0x000000008fd00000, 0x000000008fe00000|  0%| F|  |TAMS 0x000000008fd00000, 0x000000008fd00000| Untracked 
| 118|0x000000008fe00000, 0x000000008fe00000, 0x000000008ff00000|  0%| F|  |TAMS 0x000000008fe00000, 0x000000008fe00000| Untracked 
| 119|0x000000008ff00000, 0x000000008ff00000, 0x0000000090000000|  0%| F|  |TAMS 0x000000008ff00000, 0x000000008ff00000| Untracked 
| 120|0x0000000090000000, 0x0000000090000000, 0x0000000090100000|  0%| F|  |TAMS 0x0000000090000000, 0x0000000090000000| Untracked 
| 121|0x0000000090100000, 0x0000000090100000, 0x0000000090200000|  0%| F|  |TAMS 0x0000000090100000, 0x0000000090100000| Untracked 
| 122|0x0000000090200000, 0x0000000090200000, 0x0000000090300000|  0%| F|  |TAMS 0x0000000090200000, 0x0000000090200000| Untracked 
| 123|0x0000000090300000, 0x0000000090300000, 0x0000000090400000|  0%| F|  |TAMS 0x0000000090300000, 0x0000000090300000| Untracked 
| 124|0x0000000090400000, 0x0000000090400000, 0x0000000090500000|  0%| F|  |TAMS 0x0000000090400000, 0x0000000090400000| Untracked 
| 125|0x0000000090500000, 0x0000000090500000, 0x0000000090600000|  0%| F|  |TAMS 0x0000000090500000, 0x0000000090500000| Untracked 
| 126|0x0000000090600000, 0x0000000090600000, 0x0000000090700000|  0%| F|  |TAMS 0x0000000090600000, 0x0000000090600000| Untracked 
| 127|0x0000000090700000, 0x0000000090700000, 0x0000000090800000|  0%| F|  |TAMS 0x0000000090700000, 0x0000000090700000| Untracked 
| 128|0x0000000090800000, 0x0000000090800000, 0x0000000090900000|  0%| F|  |TAMS 0x0000000090800000, 0x0000000090800000| Untracked 
| 129|0x0000000090900000, 0x0000000090900000, 0x0000000090a00000|  0%| F|  |TAMS 0x0000000090900000, 0x0000000090900000| Untracked 
| 130|0x0000000090a00000, 0x0000000090a00000, 0x0000000090b00000|  0%| F|  |TAMS 0x0000000090a00000, 0x0000000090a00000| Untracked 
| 131|0x0000000090b00000, 0x0000000090b00000, 0x0000000090c00000|  0%| F|  |TAMS 0x0000000090b00000, 0x0000000090b00000| Untracked 
| 132|0x0000000090c00000, 0x0000000090c00000, 0x0000000090d00000|  0%| F|  |TAMS 0x0000000090c00000, 0x0000000090c00000| Untracked 
| 133|0x0000000090d00000, 0x0000000090d00000, 0x0000000090e00000|  0%| F|  |TAMS 0x0000000090d00000, 0x0000000090d00000| Untracked 
| 134|0x0000000090e00000, 0x0000000090e00000, 0x0000000090f00000|  0%| F|  |TAMS 0x0000000090e00000, 0x0000000090e00000| Untracked 
| 135|0x0000000090f00000, 0x0000000090f00000, 0x0000000091000000|  0%| F|  |TAMS 0x0000000090f00000, 0x0000000090f00000| Untracked 
| 136|0x0000000091000000, 0x0000000091000000, 0x0000000091100000|  0%| F|  |TAMS 0x0000000091000000, 0x0000000091000000| Untracked 
| 137|0x0000000091100000, 0x0000000091100000, 0x0000000091200000|  0%| F|  |TAMS 0x0000000091100000, 0x0000000091100000| Untracked 
| 138|0x0000000091200000, 0x0000000091200000, 0x0000000091300000|  0%| F|  |TAMS 0x0000000091200000, 0x0000000091200000| Untracked 
| 139|0x0000000091300000, 0x0000000091300000, 0x0000000091400000|  0%| F|  |TAMS 0x0000000091300000, 0x0000000091300000| Untracked 
| 140|0x0000000091400000, 0x0000000091400000, 0x0000000091500000|  0%| F|  |TAMS 0x0000000091400000, 0x0000000091400000| Untracked 
| 141|0x0000000091500000, 0x0000000091500000, 0x0000000091600000|  0%| F|  |TAMS 0x0000000091500000, 0x0000000091500000| Untracked 
| 142|0x0000000091600000, 0x0000000091600000, 0x0000000091700000|  0%| F|  |TAMS 0x0000000091600000, 0x0000000091600000| Untracked 
| 143|0x0000000091700000, 0x0000000091700000, 0x0000000091800000|  0%| F|  |TAMS 0x0000000091700000, 0x0000000091700000| Untracked 
| 144|0x0000000091800000, 0x0000000091800000, 0x0000000091900000|  0%| F|  |TAMS 0x0000000091800000, 0x0000000091800000| Untracked 
| 145|0x0000000091900000, 0x0000000091900000, 0x0000000091a00000|  0%| F|  |TAMS 0x0000000091900000, 0x0000000091900000| Untracked 
| 146|0x0000000091a00000, 0x0000000091a00000, 0x0000000091b00000|  0%| F|  |TAMS 0x0000000091a00000, 0x0000000091a00000| Untracked 
| 147|0x0000000091b00000, 0x0000000091b00000, 0x0000000091c00000|  0%| F|  |TAMS 0x0000000091b00000, 0x0000000091b00000| Untracked 
| 148|0x0000000091c00000, 0x0000000091c00000, 0x0000000091d00000|  0%| F|  |TAMS 0x0000000091c00000, 0x0000000091c00000| Untracked 
| 149|0x0000000091d00000, 0x0000000091d00000, 0x0000000091e00000|  0%| F|  |TAMS 0x0000000091d00000, 0x0000000091d00000| Untracked 
| 150|0x0000000091e00000, 0x0000000091e00000, 0x0000000091f00000|  0%| F|  |TAMS 0x0000000091e00000, 0x0000000091e00000| Untracked 
| 151|0x0000000091f00000, 0x0000000091f00000, 0x0000000092000000|  0%| F|  |TAMS 0x0000000091f00000, 0x0000000091f00000| Untracked 
| 152|0x0000000092000000, 0x0000000092000000, 0x0000000092100000|  0%| F|  |TAMS 0x0000000092000000, 0x0000000092000000| Untracked 
| 153|0x0000000092100000, 0x0000000092200000, 0x0000000092200000|100%| E|  |TAMS 0x0000000092100000, 0x0000000092100000| Complete 
| 154|0x0000000092200000, 0x0000000092300000, 0x0000000092300000|100%| E|CS|TAMS 0x0000000092200000, 0x0000000092200000| Complete 
| 155|0x0000000092300000, 0x0000000092400000, 0x0000000092400000|100%| E|CS|TAMS 0x0000000092300000, 0x0000000092300000| Complete 
| 156|0x0000000092400000, 0x0000000092500000, 0x0000000092500000|100%| E|CS|TAMS 0x0000000092400000, 0x0000000092400000| Complete 
| 157|0x0000000092500000, 0x0000000092600000, 0x0000000092600000|100%| E|CS|TAMS 0x0000000092500000, 0x0000000092500000| Complete 

Card table byte_map: [0x0000019538dc0000,0x0000019539180000] _byte_map_base: 0x000001953897c000

Marking Bits (Prev, Next): (CMBitMap*) 0x0000019524967ff0, (CMBitMap*) 0x0000019524968030
 Prev Bits: [0x0000019539540000, 0x000001953b320000)
 Next Bits: [0x000001953b320000, 0x000001953d100000)

Polling page: 0x00000195249d0000

Metaspace:

Usage:
  Non-class:     52.97 MB used.
      Class:      6.89 MB used.
       Both:     59.86 MB used.

Virtual space:
  Non-class space:       64.00 MB reserved,      53.12 MB ( 83%) committed,  1 nodes.
      Class space:        1.00 GB reserved,       7.00 MB ( <1%) committed,  1 nodes.
             Both:        1.06 GB reserved,      60.12 MB (  6%) committed. 

Chunk freelists:
   Non-Class:  10.79 MB
       Class:  8.96 MB
        Both:  19.75 MB

MaxMetaspaceSize: unlimited
CompressedClassSpaceSize: 1.00 GB
Initial GC threshold: 21.00 MB
Current GC threshold: 94.50 MB
CDS: off
MetaspaceReclaimPolicy: balanced
 - commit_granule_bytes: 65536.
 - commit_granule_words: 8192.
 - virtual_space_node_default_size: 8388608.
 - enlarge_chunks_in_place: 1.
 - new_chunks_are_fully_committed: 0.
 - uncommit_free_chunks: 1.
 - use_allocation_guard: 0.
 - handle_deallocations: 1.


Internal statistics:

num_allocs_failed_limit: 6.
num_arena_births: 220.
num_arena_deaths: 0.
num_vsnodes_births: 2.
num_vsnodes_deaths: 0.
num_space_committed: 960.
num_space_uncommitted: 0.
num_chunks_returned_to_freelist: 6.
num_chunks_taken_from_freelist: 2044.
num_chunk_merges: 6.
num_chunk_splits: 1728.
num_chunks_enlarged: 1577.
num_inconsistent_stats: 0.

CodeHeap 'non-profiled nmethods': size=120064Kb used=2697Kb max_used=2697Kb free=117366Kb
 bounds [0x00000195310c0000, 0x0000019531370000, 0x0000019538600000]
CodeHeap 'profiled nmethods': size=120000Kb used=16617Kb max_used=16617Kb free=103382Kb
 bounds [0x0000019529600000, 0x000001952a640000, 0x0000019530b30000]
CodeHeap 'non-nmethods': size=5696Kb used=1340Kb max_used=1373Kb free=4355Kb
 bounds [0x0000019530b30000, 0x0000019530da0000, 0x00000195310c0000]
 total_blobs=7186 nmethods=6525 adapters=570
 compilation: enabled
              stopped_count=0, restarted_count=0
 full_count=0

Compilation events (20 events):
Event: 46.856 Thread 0x000001953f555c60 7385       3       org.jetbrains.kotlin.serialization.deserialization.descriptors.DeserializedClassDescriptor::<init> (694 bytes)
Event: 46.879 Thread 0x000001953f555c60 nmethod 7385 0x000001952a62de10 code [0x000001952a62e9c0, 0x000001952a6355b8]
Event: 46.879 Thread 0x000001953f555c60 7386       3       org.jetbrains.kotlin.serialization.deserialization.descriptors.DeserializedClassDescriptor$DeserializedClassTypeConstructor$parameters$1::<init> (11 bytes)
Event: 46.880 Thread 0x000001953f555c60 nmethod 7386 0x000001952a637b10 code [0x000001952a637cc0, 0x000001952a637ef8]
Event: 46.893 Thread 0x000001953f555c60 7389       1       org.jetbrains.kotlin.metadata.ProtoBuf$Class::getFunctionList (5 bytes)
Event: 46.893 Thread 0x000001953f555c60 nmethod 7389 0x0000019531360490 code [0x0000019531360620, 0x00000195313606f8]
Event: 46.893 Thread 0x000001953f555c60 7390       1       org.jetbrains.kotlin.metadata.ProtoBuf$Class::getPropertyList (5 bytes)
Event: 46.893 Thread 0x000001953f555c60 nmethod 7390 0x0000019531360790 code [0x0000019531360920, 0x00000195313609f8]
Event: 46.893 Thread 0x000001953f555c60 7391       1       org.jetbrains.kotlin.metadata.ProtoBuf$Class::getTypeAliasList (5 bytes)
Event: 46.894 Thread 0x000001953f555c60 nmethod 7391 0x0000019531360a90 code [0x0000019531360c20, 0x0000019531360cf8]
Event: 46.894 Thread 0x000001953f555c60 7392       1       org.jetbrains.kotlin.metadata.ProtoBuf$Class::getNestedClassNameList (5 bytes)
Event: 46.894 Thread 0x000001953f555c60 nmethod 7392 0x0000019531360d90 code [0x0000019531360f20, 0x0000019531360ff8]
Event: 46.900 Thread 0x000001953f555c60 7393       1       org.jetbrains.kotlin.metadata.ProtoBuf$Function::getFlags (5 bytes)
Event: 46.900 Thread 0x000001953f555c60 nmethod 7393 0x0000019531361090 code [0x0000019531361220, 0x00000195313612f8]
Event: 46.902 Thread 0x000001953f555c60 7394       1       org.jetbrains.kotlin.metadata.ProtoBuf$Function::getReturnType (5 bytes)
Event: 46.902 Thread 0x000001953f555c60 nmethod 7394 0x0000019531361390 code [0x0000019531361520, 0x00000195313615f8]
Event: 46.905 Thread 0x000001953f555c60 7395       2       org.jetbrains.kotlin.descriptors.impl.DeclarationDescriptorNonRootImpl::getOriginal (16 bytes)
Event: 46.905 Thread 0x000001953f555c60 nmethod 7395 0x000001952a638010 code [0x000001952a6381a0, 0x000001952a6382b8]
Event: 46.998 Thread 0x000001953f555c60 7396       2       java.lang.invoke.MethodHandles$Lookup::linkMethodHandleConstant (223 bytes)
Event: 47.003 Thread 0x000001953f555c60 nmethod 7396 0x000001952a638390 code [0x000001952a638680, 0x000001952a639088]

GC Heap History (20 events):
Event: 29.017 GC heap before
{Heap before GC invocations=16 (full 0):
 garbage-first heap   total 61440K, used 47768K [0x0000000088800000, 0x0000000100000000)
  region size 1024K, 19 young (19456K), 3 survivors (3072K)
 Metaspace       used 50723K, committed 51008K, reserved 1114112K
  class space    used 6011K, committed 6144K, reserved 1048576K
}
Event: 29.071 GC heap after
{Heap after GC invocations=17 (full 0):
 garbage-first heap   total 61440K, used 34538K [0x0000000088800000, 0x0000000100000000)
  region size 1024K, 3 young (3072K), 3 survivors (3072K)
 Metaspace       used 50723K, committed 51008K, reserved 1114112K
  class space    used 6011K, committed 6144K, reserved 1048576K
}
Event: 30.843 GC heap before
{Heap before GC invocations=18 (full 0):
 garbage-first heap   total 61440K, used 47850K [0x0000000088800000, 0x0000000100000000)
  region size 1024K, 16 young (16384K), 3 survivors (3072K)
 Metaspace       used 50778K, committed 51072K, reserved 1114112K
  class space    used 6015K, committed 6144K, reserved 1048576K
}
Event: 30.900 GC heap after
{Heap after GC invocations=19 (full 0):
 garbage-first heap   total 61440K, used 37102K [0x0000000088800000, 0x0000000100000000)
  region size 1024K, 2 young (2048K), 2 survivors (2048K)
 Metaspace       used 50778K, committed 51072K, reserved 1114112K
  class space    used 6015K, committed 6144K, reserved 1048576K
}
Event: 32.442 GC heap before
{Heap before GC invocations=19 (full 0):
 garbage-first heap   total 61440K, used 48366K [0x0000000088800000, 0x0000000100000000)
  region size 1024K, 13 young (13312K), 2 survivors (2048K)
 Metaspace       used 51204K, committed 51456K, reserved 1114112K
  class space    used 6052K, committed 6144K, reserved 1048576K
}
Event: 32.497 GC heap after
{Heap after GC invocations=20 (full 0):
 garbage-first heap   total 73728K, used 39561K [0x0000000088800000, 0x0000000100000000)
  region size 1024K, 2 young (2048K), 2 survivors (2048K)
 Metaspace       used 51204K, committed 51456K, reserved 1114112K
  class space    used 6052K, committed 6144K, reserved 1048576K
}
Event: 34.230 GC heap before
{Heap before GC invocations=21 (full 0):
 garbage-first heap   total 73728K, used 54921K [0x0000000088800000, 0x0000000100000000)
  region size 1024K, 18 young (18432K), 2 survivors (2048K)
 Metaspace       used 53485K, committed 53696K, reserved 1114112K
  class space    used 6317K, committed 6400K, reserved 1048576K
}
Event: 34.252 GC heap after
{Heap after GC invocations=22 (full 0):
 garbage-first heap   total 73728K, used 40403K [0x0000000088800000, 0x0000000100000000)
  region size 1024K, 1 young (1024K), 1 survivors (1024K)
 Metaspace       used 53485K, committed 53696K, reserved 1114112K
  class space    used 6317K, committed 6400K, reserved 1048576K
}
Event: 35.814 GC heap before
{Heap before GC invocations=22 (full 0):
 garbage-first heap   total 73728K, used 57811K [0x0000000088800000, 0x0000000100000000)
  region size 1024K, 18 young (18432K), 1 survivors (1024K)
 Metaspace       used 54692K, committed 54976K, reserved 1114112K
  class space    used 6462K, committed 6592K, reserved 1048576K
}
Event: 35.835 GC heap after
{Heap after GC invocations=23 (full 0):
 garbage-first heap   total 73728K, used 42197K [0x0000000088800000, 0x0000000100000000)
  region size 1024K, 3 young (3072K), 3 survivors (3072K)
 Metaspace       used 54692K, committed 54976K, reserved 1114112K
  class space    used 6462K, committed 6592K, reserved 1048576K
}
Event: 40.790 GC heap before
{Heap before GC invocations=24 (full 0):
 garbage-first heap   total 73728K, used 58581K [0x0000000088800000, 0x0000000100000000)
  region size 1024K, 18 young (18432K), 3 survivors (3072K)
 Metaspace       used 55899K, committed 56128K, reserved 1114112K
  class space    used 6554K, committed 6656K, reserved 1048576K
}
Event: 40.843 GC heap after
{Heap after GC invocations=25 (full 0):
 garbage-first heap   total 73728K, used 46158K [0x0000000088800000, 0x0000000100000000)
  region size 1024K, 3 young (3072K), 3 survivors (3072K)
 Metaspace       used 55899K, committed 56128K, reserved 1114112K
  class space    used 6554K, committed 6656K, reserved 1048576K
}
Event: 40.894 GC heap before
{Heap before GC invocations=25 (full 0):
 garbage-first heap   total 73728K, used 47182K [0x0000000088800000, 0x0000000100000000)
  region size 1024K, 4 young (4096K), 3 survivors (3072K)
 Metaspace       used 55909K, committed 56128K, reserved 1114112K
  class space    used 6554K, committed 6656K, reserved 1048576K
}
Event: 40.927 GC heap after
{Heap after GC invocations=26 (full 0):
 garbage-first heap   total 73728K, used 46329K [0x0000000088800000, 0x0000000100000000)
  region size 1024K, 1 young (1024K), 1 survivors (1024K)
 Metaspace       used 55909K, committed 56128K, reserved 1114112K
  class space    used 6554K, committed 6656K, reserved 1048576K
}
Event: 44.736 GC heap before
{Heap before GC invocations=26 (full 0):
 garbage-first heap   total 73728K, used 58617K [0x0000000088800000, 0x0000000100000000)
  region size 1024K, 13 young (13312K), 1 survivors (1024K)
 Metaspace       used 57613K, committed 57856K, reserved 1114112K
  class space    used 6708K, committed 6784K, reserved 1048576K
}
Event: 44.754 GC heap after
{Heap after GC invocations=27 (full 0):
 garbage-first heap   total 73728K, used 47468K [0x0000000088800000, 0x0000000100000000)
  region size 1024K, 2 young (2048K), 2 survivors (2048K)
 Metaspace       used 57613K, committed 57856K, reserved 1114112K
  class space    used 6708K, committed 6784K, reserved 1048576K
}
Event: 46.576 GC heap before
{Heap before GC invocations=28 (full 0):
 garbage-first heap   total 80896K, used 56684K [0x0000000088800000, 0x0000000100000000)
  region size 1024K, 13 young (13312K), 2 survivors (2048K)
 Metaspace       used 59956K, committed 60224K, reserved 1114112K
  class space    used 6928K, committed 7040K, reserved 1048576K
}
Event: 46.601 GC heap after
{Heap after GC invocations=29 (full 0):
 garbage-first heap   total 80896K, used 47325K [0x0000000088800000, 0x0000000100000000)
  region size 1024K, 1 young (1024K), 1 survivors (1024K)
 Metaspace       used 59956K, committed 60224K, reserved 1114112K
  class space    used 6928K, committed 7040K, reserved 1048576K
}
Event: 46.723 GC heap before
{Heap before GC invocations=29 (full 0):
 garbage-first heap   total 80896K, used 49373K [0x0000000088800000, 0x0000000100000000)
  region size 1024K, 3 young (3072K), 1 survivors (1024K)
 Metaspace       used 60503K, committed 60800K, reserved 1114112K
  class space    used 6974K, committed 7104K, reserved 1048576K
}
Event: 46.745 GC heap after
{Heap after GC invocations=30 (full 0):
 garbage-first heap   total 161792K, used 47025K [0x0000000088800000, 0x0000000100000000)
  region size 1024K, 1 young (1024K), 1 survivors (1024K)
 Metaspace       used 60503K, committed 60800K, reserved 1114112K
  class space    used 6974K, committed 7104K, reserved 1048576K
}

Dll operation events (2 events):
Event: 0.040 Loaded shared library C:\Program Files\Android\Android Studio1\jbr\bin\java.dll
Event: 7.658 Loaded shared library C:\Program Files\Android\Android Studio1\jbr\bin\verify.dll

Deoptimization events (20 events):
Event: 45.613 Thread 0x0000019524911230 DEOPT PACKING pc=0x0000019531105994 sp=0x000000239a7fc7a0
Event: 45.613 Thread 0x0000019524911230 DEOPT UNPACKING pc=0x0000019530b869a3 sp=0x000000239a7fc700 mode 2
Event: 45.613 Thread 0x0000019524911230 Uncommon trap: trap_request=0xffffffde fr.pc=0x0000019531105994 relative=0x0000000000000f74
Event: 45.613 Thread 0x0000019524911230 Uncommon trap: reason=class_check action=maybe_recompile pc=0x0000019531105994 method=java.util.concurrent.ConcurrentHashMap.putVal(Ljava/lang/Object;Ljava/lang/Object;Z)Ljava/lang/Object; @ 242 c2
Event: 45.613 Thread 0x0000019524911230 DEOPT PACKING pc=0x0000019531105994 sp=0x000000239a7fc7a0
Event: 45.613 Thread 0x0000019524911230 DEOPT UNPACKING pc=0x0000019530b869a3 sp=0x000000239a7fc700 mode 2
Event: 46.384 Thread 0x0000019524911230 Uncommon trap: trap_request=0xffffffc6 fr.pc=0x00000195310e8b6c relative=0x00000000000007cc
Event: 46.384 Thread 0x0000019524911230 Uncommon trap: reason=bimorphic_or_optimized_type_check action=maybe_recompile pc=0x00000195310e8b6c method=org.jetbrains.kotlin.storage.LockBasedStorageManager$LockBasedLazyValue.invoke()Ljava/lang/Object; @ 181 c2
Event: 46.384 Thread 0x0000019524911230 DEOPT PACKING pc=0x00000195310e8b6c sp=0x000000239a7fe430
Event: 46.384 Thread 0x0000019524911230 DEOPT UNPACKING pc=0x0000019530b869a3 sp=0x000000239a7fe380 mode 2
Event: 46.384 Thread 0x0000019524911230 Uncommon trap: trap_request=0xffffffc6 fr.pc=0x00000195310e8b6c relative=0x00000000000007cc
Event: 46.384 Thread 0x0000019524911230 Uncommon trap: reason=bimorphic_or_optimized_type_check action=maybe_recompile pc=0x00000195310e8b6c method=org.jetbrains.kotlin.storage.LockBasedStorageManager$LockBasedLazyValue.invoke()Ljava/lang/Object; @ 181 c2
Event: 46.385 Thread 0x0000019524911230 DEOPT PACKING pc=0x00000195310e8b6c sp=0x000000239a7fe0d0
Event: 46.385 Thread 0x0000019524911230 DEOPT UNPACKING pc=0x0000019530b869a3 sp=0x000000239a7fe020 mode 2
Event: 46.786 Thread 0x0000019524911230 DEOPT PACKING pc=0x0000019529d72d21 sp=0x000000239a7fdd70
Event: 46.786 Thread 0x0000019524911230 DEOPT UNPACKING pc=0x0000019530b87143 sp=0x000000239a7fd278 mode 0
Event: 46.927 Thread 0x0000019524911230 Uncommon trap: trap_request=0xffffff45 fr.pc=0x0000019531122274 relative=0x00000000000000d4
Event: 46.927 Thread 0x0000019524911230 Uncommon trap: reason=unstable_if action=reinterpret pc=0x0000019531122274 method=java.util.HashMap.hash(Ljava/lang/Object;)I @ 1 c2
Event: 46.927 Thread 0x0000019524911230 DEOPT PACKING pc=0x0000019531122274 sp=0x000000239a7fe4d0
Event: 46.927 Thread 0x0000019524911230 DEOPT UNPACKING pc=0x0000019530b869a3 sp=0x000000239a7fe410 mode 2

Classes unloaded (0 events):
No events

Classes redefined (0 events):
No events

Internal exceptions (20 events):
Event: 11.557 Thread 0x0000019524911230 Implicit null exception at 0x00000195310d9272 to 0x00000195310d9824
Event: 12.176 Thread 0x0000019524911230 Implicit null exception at 0x00000195310da2f2 to 0x00000195310da8dc
Event: 12.428 Thread 0x0000019524911230 Exception <a 'java/lang/NoSuchMethodError'{0x000000008de386b8}: 'java.lang.Object java.lang.invoke.DirectMethodHandle$Holder.invokeVirtual(java.lang.Object, java.lang.Object, java.lang.Object)'> (0x000000008de386b8) 
thrown [s\src\hotspot\share\interpreter\linkResolver.cpp, line 771]
Event: 16.110 Thread 0x0000019524911230 Exception <a 'java/lang/NoSuchMethodError'{0x000000008ad71bd8}: 'java.lang.Object java.lang.invoke.DirectMethodHandle$Holder.newInvokeSpecial(java.lang.Object, java.lang.Object, int)'> (0x000000008ad71bd8) 
thrown [s\src\hotspot\share\interpreter\linkResolver.cpp, line 771]
Event: 16.554 Thread 0x0000019524911230 Exception <a 'java/lang/NoSuchMethodError'{0x000000008ab076f0}: 'java.lang.Object java.lang.invoke.DirectMethodHandle$Holder.newInvokeSpecial(java.lang.Object, java.lang.Object, java.lang.Object, int)'> (0x000000008ab076f0) 
thrown [s\src\hotspot\share\interpreter\linkResolver.cpp, line 771]
Event: 16.556 Thread 0x0000019524911230 Exception <a 'java/lang/NoSuchMethodError'{0x000000008ab0bd78}: 'java.lang.Object java.lang.invoke.DirectMethodHandle$Holder.invokeSpecial(java.lang.Object, java.lang.Object, java.lang.Object, java.lang.Object, int)'> (0x000000008ab0bd78) 
thrown [s\src\hotspot\share\interpreter\linkResolver.cpp, line 771]
Event: 16.557 Thread 0x0000019524911230 Exception <a 'java/lang/NoSuchMethodError'{0x000000008ab0fbe8}: 'java.lang.Object java.lang.invoke.Invokers$Holder.linkToTargetMethod(java.lang.Object, java.lang.Object, int, java.lang.Object)'> (0x000000008ab0fbe8) 
thrown [s\src\hotspot\share\interpreter\linkResolver.cpp, line 771]
Event: 22.439 Thread 0x0000019524911230 Exception <a 'java/lang/NoSuchMethodError'{0x000000008b62ee70}: 'java.lang.Object java.lang.invoke.DirectMethodHandle$Holder.newInvokeSpecial(java.lang.Object, int, java.lang.Object)'> (0x000000008b62ee70) 
thrown [s\src\hotspot\share\interpreter\linkResolver.cpp, line 771]
Event: 22.442 Thread 0x0000019524911230 Exception <a 'java/lang/NoSuchMethodError'{0x000000008b6351a8}: 'int java.lang.invoke.DirectMethodHandle$Holder.invokeInterface(java.lang.Object, java.lang.Object)'> (0x000000008b6351a8) 
thrown [s\src\hotspot\share\interpreter\linkResolver.cpp, line 771]
Event: 22.618 Thread 0x0000019524911230 Exception <a 'java/lang/NoSuchMethodError'{0x000000008b6b2300}: 'java.lang.Object java.lang.invoke.DirectMethodHandle$Holder.newInvokeSpecial(java.lang.Object, java.lang.Object, java.lang.Object, java.lang.Object, java.lang.Object, java.lang.Object)'> (0x000000008b6b2300) 
thrown [s\src\hotspot\share\interpreter\linkResolver.cpp, line 771]
Event: 23.232 Thread 0x0000019524911230 Exception <a 'java/lang/NoSuchMethodError'{0x000000008b27e508}: 'java.lang.Object java.lang.invoke.DirectMethodHandle$Holder.invokeStaticInit(java.lang.Object, java.lang.Object, java.lang.Object)'> (0x000000008b27e508) 
thrown [s\src\hotspot\share\interpreter\linkResolver.cpp, line 771]
Event: 30.381 Thread 0x0000019524911230 Implicit null exception at 0x0000019531107f6c to 0x0000019531108140
Event: 35.012 Thread 0x0000019524911230 Implicit null exception at 0x0000019531229f4c to 0x000001953122a028
Event: 37.908 Thread 0x0000019524911230 Exception <a 'java/lang/NoSuchMethodError'{0x000000008cb70b50}: 'java.lang.Object java.lang.invoke.DirectMethodHandle$Holder.invokeInterface(java.lang.Object, java.lang.Object, java.lang.Object)'> (0x000000008cb70b50) 
thrown [s\src\hotspot\share\interpreter\linkResolver.cpp, line 771]
Event: 37.909 Thread 0x0000019524911230 Exception <a 'java/lang/IncompatibleClassChangeError'{0x000000008cb744c0}: Found class java.lang.Object, but interface was expected> (0x000000008cb744c0) 
thrown [s\src\hotspot\share\interpreter\linkResolver.cpp, line 838]
Event: 42.679 Thread 0x0000019524911230 Exception <a 'java/lang/NoSuchMethodError'{0x000000008caf0ef8}: 'java.lang.Object java.lang.invoke.DirectMethodHandle$Holder.newInvokeSpecial(java.lang.Object, java.lang.Object, java.lang.Object, java.lang.Object, java.lang.Object, java.lang.Object, java.lang.Object)'> (0x000000008caf0ef8) 
thrown [s\src\hotspot\share\interpreter\linkResolver.cpp, line 771]
Event: 42.681 Thread 0x0000019524911230 Exception <a 'java/lang/NoSuchMethodError'{0x000000008caf6000}: 'java.lang.Object java.lang.invoke.Invokers$Holder.linkToTargetMethod(java.lang.Object, java.lang.Object, java.lang.Object, java.lang.Object, java.lang.Object, java.lang.Object, java.lang.Object)'> (0x000000008caf6000) 
thrown [s\src\hotspot\share\interpreter\linkResolver.cpp, line 771]
Event: 43.622 Thread 0x0000019524911230 Implicit null exception at 0x00000195312b643c to 0x00000195312b6cf0
Event: 44.641 Thread 0x0000019524911230 Implicit null exception at 0x00000195311539ec to 0x0000019531153bc0
Event: 46.927 Thread 0x0000019524911230 Implicit null exception at 0x00000195311221d8 to 0x000001953112226a

VM Operations (20 events):
Event: 45.445 Executing VM operation: HandshakeAllThreads
Event: 45.445 Executing VM operation: HandshakeAllThreads done
Event: 45.720 Executing VM operation: HandshakeAllThreads
Event: 45.720 Executing VM operation: HandshakeAllThreads done
Event: 46.086 Executing VM operation: HandshakeAllThreads
Event: 46.086 Executing VM operation: HandshakeAllThreads done
Event: 46.241 Executing VM operation: HandshakeAllThreads
Event: 46.241 Executing VM operation: HandshakeAllThreads done
Event: 46.248 Executing VM operation: HandshakeAllThreads
Event: 46.248 Executing VM operation: HandshakeAllThreads done
Event: 46.255 Executing VM operation: HandshakeAllThreads
Event: 46.283 Executing VM operation: HandshakeAllThreads done
Event: 46.283 Executing VM operation: Cleanup
Event: 46.286 Executing VM operation: Cleanup done
Event: 46.342 Executing VM operation: HandshakeAllThreads
Event: 46.342 Executing VM operation: HandshakeAllThreads done
Event: 46.576 Executing VM operation: G1CollectForAllocation
Event: 46.601 Executing VM operation: G1CollectForAllocation done
Event: 46.722 Executing VM operation: G1CollectForAllocation
Event: 46.745 Executing VM operation: G1CollectForAllocation done

Events (20 events):
Event: 39.302 Thread 0x000001953f557240 flushing nmethod 0x000001952a336b90
Event: 39.302 Thread 0x000001953f557240 flushing nmethod 0x000001952a345f90
Event: 39.302 Thread 0x000001953f557240 flushing nmethod 0x000001952a34d390
Event: 39.302 Thread 0x000001953f557240 flushing nmethod 0x000001952a36dd10
Event: 39.302 Thread 0x000001953f557240 flushing nmethod 0x000001952a371490
Event: 39.303 Thread 0x000001953f557240 flushing nmethod 0x000001952a380d90
Event: 39.303 Thread 0x000001953f557240 flushing nmethod 0x000001952a381110
Event: 39.303 Thread 0x000001953f557240 flushing nmethod 0x000001952a381610
Event: 39.303 Thread 0x000001953f557240 flushing nmethod 0x000001952a382b10
Event: 39.303 Thread 0x000001953f557240 flushing nmethod 0x000001952a383810
Event: 39.303 Thread 0x000001953f557240 flushing nmethod 0x000001952a385110
Event: 39.303 Thread 0x000001953f557240 flushing nmethod 0x000001952a38a490
Event: 39.303 Thread 0x000001953f557240 flushing nmethod 0x000001952a38bf10
Event: 39.303 Thread 0x000001953f557240 flushing nmethod 0x000001952a390810
Event: 39.303 Thread 0x000001953f557240 flushing nmethod 0x000001952a39c010
Event: 39.303 Thread 0x000001953f557240 flushing nmethod 0x000001952a3a0e90
Event: 39.304 Thread 0x000001953f557240 flushing nmethod 0x000001952a3e5790
Event: 39.304 Thread 0x000001953f557240 flushing nmethod 0x000001952a402310
Event: 46.251 Thread 0x000001953f557240 flushing nmethod 0x00000195312d1a90
Event: 46.278 Thread 0x000001953f557240 flushing nmethod 0x000001952a339410


Dynamic libraries:
0x00007ff752e40000 - 0x00007ff752e4a000 	C:\Program Files\Android\Android Studio1\jbr\bin\java.exe
0x00007ffcbdcb0000 - 0x00007ffcbdea8000 	C:\Windows\SYSTEM32\ntdll.dll
0x00007ffcbbce0000 - 0x00007ffcbbda1000 	C:\Windows\System32\KERNEL32.DLL
0x00007ffcbb680000 - 0x00007ffcbb976000 	C:\Windows\System32\KERNELBASE.dll
0x00007ffcbb460000 - 0x00007ffcbb560000 	C:\Windows\System32\ucrtbase.dll
0x00007ffc90b10000 - 0x00007ffc90b27000 	C:\Program Files\Android\Android Studio1\jbr\bin\jli.dll
0x00007ffcb5930000 - 0x00007ffcb594b000 	C:\Program Files\Android\Android Studio1\jbr\bin\VCRUNTIME140.dll
0x00007ffcbd840000 - 0x00007ffcbd9df000 	C:\Windows\System32\USER32.dll
0x00007ffcbb980000 - 0x00007ffcbb9a2000 	C:\Windows\System32\win32u.dll
0x00007ffcbbf60000 - 0x00007ffcbbf8b000 	C:\Windows\System32\GDI32.dll
0x00007ffca5ed0000 - 0x00007ffca616a000 	C:\Windows\WinSxS\amd64_microsoft.windows.common-controls_6595b64144ccf1df_6.0.19041.4355_none_60b8b9eb71f62e16\COMCTL32.dll
0x00007ffcbbbc0000 - 0x00007ffcbbcd7000 	C:\Windows\System32\gdi32full.dll
0x00007ffcbdb70000 - 0x00007ffcbdc0e000 	C:\Windows\System32\msvcrt.dll
0x00007ffcbb560000 - 0x00007ffcbb5fd000 	C:\Windows\System32\msvcp_win.dll
0x00007ffcbc670000 - 0x00007ffcbc69f000 	C:\Windows\System32\IMM32.DLL
0x00007ffcb57a0000 - 0x00007ffcb57ac000 	C:\Program Files\Android\Android Studio1\jbr\bin\vcruntime140_1.dll
0x00007ffc94660000 - 0x00007ffc946ed000 	C:\Program Files\Android\Android Studio1\jbr\bin\msvcp140.dll
0x00007ffc6e410000 - 0x00007ffc6f093000 	C:\Program Files\Android\Android Studio1\jbr\bin\server\jvm.dll
0x00007ffcbc8c0000 - 0x00007ffcbc970000 	C:\Windows\System32\ADVAPI32.dll
0x00007ffcbbdd0000 - 0x00007ffcbbe70000 	C:\Windows\System32\sechost.dll
0x00007ffcbc770000 - 0x00007ffcbc893000 	C:\Windows\System32\RPCRT4.dll
0x00007ffcbb600000 - 0x00007ffcbb627000 	C:\Windows\System32\bcrypt.dll
0x00007ffcbad30000 - 0x00007ffcbad7b000 	C:\Windows\SYSTEM32\POWRPROF.dll
0x00007ffcb55e0000 - 0x00007ffcb55e9000 	C:\Windows\SYSTEM32\WSOCK32.dll
0x00007ffcbc6a0000 - 0x00007ffcbc70b000 	C:\Windows\System32\WS2_32.dll
0x00007ffcb0090000 - 0x00007ffcb00b7000 	C:\Windows\SYSTEM32\WINMM.dll
0x00007ffcb3330000 - 0x00007ffcb333a000 	C:\Windows\SYSTEM32\VERSION.dll
0x00007ffcbad10000 - 0x00007ffcbad22000 	C:\Windows\SYSTEM32\UMPDC.dll
0x00007ffcb8e20000 - 0x00007ffcb8e32000 	C:\Windows\SYSTEM32\kernel.appcore.dll
0x00007ffcb38d0000 - 0x00007ffcb38da000 	C:\Program Files\Android\Android Studio1\jbr\bin\jimage.dll
0x00007ffcaa2b0000 - 0x00007ffcaa494000 	C:\Windows\SYSTEM32\DBGHELP.DLL
0x00007ffca8a50000 - 0x00007ffca8a84000 	C:\Windows\SYSTEM32\dbgcore.DLL
0x00007ffcbb360000 - 0x00007ffcbb3e2000 	C:\Windows\System32\bcryptPrimitives.dll
0x00007ffcb1730000 - 0x00007ffcb1755000 	C:\Program Files\Android\Android Studio1\jbr\bin\java.dll
0x00007ffcb1240000 - 0x00007ffcb1258000 	C:\Program Files\Android\Android Studio1\jbr\bin\zip.dll
0x00007ffcbd000000 - 0x00007ffcbd76c000 	C:\Windows\System32\SHELL32.dll
0x00007ffcb93e0000 - 0x00007ffcb9b7e000 	C:\Windows\SYSTEM32\windows.storage.dll
0x00007ffcbc1e0000 - 0x00007ffcbc533000 	C:\Windows\System32\combase.dll
0x00007ffcbad80000 - 0x00007ffcbadae000 	C:\Windows\SYSTEM32\Wldp.dll
0x00007ffcbd770000 - 0x00007ffcbd83d000 	C:\Windows\System32\OLEAUT32.dll
0x00007ffcbc010000 - 0x00007ffcbc0bd000 	C:\Windows\System32\SHCORE.dll
0x00007ffcbcf90000 - 0x00007ffcbcfe5000 	C:\Windows\System32\shlwapi.dll
0x00007ffcbb290000 - 0x00007ffcbb2b4000 	C:\Windows\SYSTEM32\profapi.dll
0x00007ffc9ee90000 - 0x00007ffc9eea9000 	C:\Program Files\Android\Android Studio1\jbr\bin\net.dll
0x00007ffcb4e20000 - 0x00007ffcb4f2a000 	C:\Windows\SYSTEM32\WINHTTP.dll
0x00007ffcbaa10000 - 0x00007ffcbaa7a000 	C:\Windows\system32\mswsock.dll
0x00007ffc9ee70000 - 0x00007ffc9ee86000 	C:\Program Files\Android\Android Studio1\jbr\bin\nio.dll
0x00007ffcb4ac0000 - 0x00007ffcb4ad0000 	C:\Program Files\Android\Android Studio1\jbr\bin\verify.dll

dbghelp: loaded successfully - version: 4.0.5 - missing functions: none
symbol engine: initialized successfully - sym options: 0x614 - pdb path: .;C:\Program Files\Android\Android Studio1\jbr\bin;C:\Windows\SYSTEM32;C:\Windows\WinSxS\amd64_microsoft.windows.common-controls_6595b64144ccf1df_6.0.19041.4355_none_60b8b9eb71f62e16;C:\Program Files\Android\Android Studio1\jbr\bin\server

VM Arguments:
java_command: org.jetbrains.kotlin.cli.jvm.K2JVMCompiler @C:\Users\HACKER\AndroidStudioProjects\GPresence\app\build\20240724_12703981832581017763.compiler.options
java_class_path (initial): C:\Users\HACKER\.gradle\caches\modules-2\files-2.1\org.jetbrains.kotlin\kotlin-compiler-embeddable\1.9.0\2c8c3a7402becca891f12739b3e9fd2dc2adbd7a\kotlin-compiler-embeddable-1.9.0.jar;C:\Users\HACKER\.gradle\caches\modules-2\files-2.1\org.jetbrains.kotlin\kotlin-stdlib\1.9.0\8ee15ef0c67dc83d874f412d84378d7f0eb50b63\kotlin-stdlib-1.9.0.jar;C:\Users\HACKER\.gradle\caches\modules-2\files-2.1\org.jetbrains.kotlin\kotlin-script-runtime\1.9.0\4b3102cbbb7e1b58d9d1adf89563f00069ffa7d1\kotlin-script-runtime-1.9.0.jar;C:\Users\HACKER\.gradle\caches\modules-2\files-2.1\org.jetbrains.kotlin\kotlin-reflect\1.6.10\1cbe9c92c12a94eea200d23c2bbaedaf3daf5132\kotlin-reflect-1.6.10.jar;C:\Users\HACKER\.gradle\caches\modules-2\files-2.1\org.jetbrains.kotlin\kotlin-daemon-embeddable\1.9.0\186543f5e28cf8d9a0290fecc2cf34301c40a65c\kotlin-daemon-embeddable-1.9.0.jar;C:\Users\HACKER\.gradle\caches\modules-2\files-2.1\org.jetbrains.intellij.deps\trove4j\1.0.20200330\3afb14d5f9ceb459d724e907a21145e8ff394f02\trove4j-1.0.20200330.jar;C:\Users\HACKER\.gradle\caches\modules-2\files-2.1\org.jetbrains.kotlin\kotlin-stdlib-common\1.9.0\cd65c21cfd1eec4d44ef09f9f52b6d9f8a720636\kotlin-stdlib-common-1.9.0.jar;C:\Users\HACKER\.gradle\caches\modules-2\files-2.1\org.jetbrains\annotations\13.0\919f0dfe192fb4e063e7dacadee7f8bb9a2672a9\annotations-13.0.jar
Launcher Type: SUN_STANDARD

[Global flags]
     intx CICompilerCount                          = 2                                         {product} {ergonomic}
     uint ConcGCThreads                            = 1                                         {product} {ergonomic}
     uint G1ConcRefinementThreads                  = 2                                         {product} {ergonomic}
   size_t G1HeapRegionSize                         = 1048576                                   {product} {ergonomic}
    uintx GCDrainStackTargetSize                   = 64                                        {product} {ergonomic}
   size_t InitialHeapSize                          = 125829120                                 {product} {ergonomic}
   size_t MarkStackSize                            = 4194304                                   {product} {ergonomic}
   size_t MaxHeapSize                              = 2004877312                                {product} {ergonomic}
   size_t MaxNewSize                               = 1202716672                                {product} {ergonomic}
   size_t MinHeapDeltaBytes                        = 1048576                                   {product} {ergonomic}
   size_t MinHeapSize                              = 8388608                                   {product} {ergonomic}
    uintx NonNMethodCodeHeapSize                   = 5826188                                {pd product} {ergonomic}
    uintx NonProfiledCodeHeapSize                  = 122916026                              {pd product} {ergonomic}
    uintx ProfiledCodeHeapSize                     = 122916026                              {pd product} {ergonomic}
    uintx ReservedCodeCacheSize                    = 251658240                              {pd product} {ergonomic}
     bool SegmentedCodeCache                       = true                                      {product} {ergonomic}
   size_t SoftMaxHeapSize                          = 2004877312                             {manageable} {ergonomic}
     bool UseCompressedClassPointers               = true                           {product lp64_product} {ergonomic}
     bool UseCompressedOops                        = true                           {product lp64_product} {ergonomic}
     bool UseG1GC                                  = true                                      {product} {ergonomic}
     bool UseLargePagesIndividualAllocation        = false                                  {pd product} {ergonomic}

Logging:
Log output configuration:
 #0: stdout all=warning uptime,level,tags
 #1: stderr all=off uptime,level,tags

Environment Variables:
JAVA_HOME=C:\Program Files\Java\jdk-20
PATH=C:\Python312\Scripts\;C:\Python312\;C:\Program Files\Common Files\Oracle\Java\javapath;C:\Windows\system32;C:\Windows;C:\Windows\System32\Wbem;C:\Windows\System32\WindowsPowerShell\v1.0\;C:\Windows\System32\OpenSSH\;C:\Program Files (x86)\dotnet\;C:\Program Files\dotnet\;C:\Program Files\Java\jdk-19\bin;F:\apache-maven-4.0.0-alpha-10\bin;C:\ProgramData\chocolatey\bin;C:\Program Files\Docker\Docker\resources\bin;C:\Program Files\nodejs\;C:\Users\HACKER\AppData\Local;%LOCALAPPDATA%\Android\Sdk\platform-tools;C:\Program Files\Git\cmd;C:\Program Files\Microsoft SQL Server\150\Tools\Binn\;C:\Program Files\Microsoft SQL Server\Client SDK\ODBC\170\Tools\Binn\;C:\Program Files (x86)\Windows Kits\10\Windows Performance Toolkit\;C:\xampp\php;C:\kotlinc\lib;C:\kotlinc\bin;C:\Users\HACKER\AppData\Roaming\npm;C:\Users\HACKER\AppData\Local\platform-tools;C:\Users\HACKER\AppData\Local\tools;C:\Users\HACKER\AppData\Local\platform-tools;C:\Users\HACKER\AppData\Local\tools;C:\xampp\php;C:\Program Files\MySQL\MySQL Shell 8.0\bin\;C:\laragon\bin;C:\laragon\bin\apache\httpd-2.4.54-win64-VS16\bin;C:\laragon\bin\composer;C:\laragon\bin\git\bin;C:\laragon\bin\git\cmd;C:\laragon\bin\git\mingw64\bin;C:\laragon\bin\git\usr\bin;C:\laragon\bin\laragon\utils;C:\laragon\bin\mysql\mysql-8.0.30-winx64\bin;C:\laragon\bin\nginx\nginx-1.22.0;C:\laragon\bin\ngrok;C:\laragon\bin\nodejs\node-v18;C:\laragon\bin\notepad++;C:\laragon\bin\python\python-3.10;C:\laragon\bin\python\python-3.10\Scripts;C:\laragon\bin\redis\redis-x64-5.0.14.1;C:\laragon\bin\telnet;C:\laragon\usr\bin;C:\Users\HACKER\AppData\Local\Yarn\config\global\node_modules\.bin;C:\Users\HACKER\AppData\Roaming\Composer\vendor\bin;C:\Users\HACKER\AppData\Local\Microsoft\WindowsApps;C:\Users\HACKER\AppData\Local\Programs\Microsoft VS Code\bin;F:\apache-maven-4.0.0-alpha-10\bin;%In
USERNAME=HACKER
OS=Windows_NT
PROCESSOR_IDENTIFIER=AMD64 Family 21 Model 112 Stepping 0, AuthenticAMD
TMP=C:\Users\HACKER\AppData\Local\Temp
TEMP=C:\Users\HACKER\AppData\Local\Temp



Periodic native trim disabled

JNI global refs:
JNI global refs: 9, weak refs: 4

JNI global refs memory usage: 843, weak refs: 841

Process memory usage:
Resident Set Size: 240876K (3% of 7829172K total physical memory with 459096K free physical memory)

OOME stack traces (most recent first):
Classloader memory used:
Loader jdk.internal.loader.ClassLoaders$AppClassLoader                                 : 6361K
Loader bootstrap                                                                       : 1301K
Loader jdk.internal.reflect.DelegatingClassLoader                                      : 9552B


---------------  S Y S T E M  ---------------

OS:
 Windows 10 , 64 bit Build 19041 (10.0.19041.4597)
OS uptime: 0 days 8:36 hours

CPU: total 2 (initial active 2) (2 cores per cpu, 1 threads per core) family 21 model 112 stepping 0 microcode 0x0, cx8, cmov, fxsr, mmx, 3dnowpref, sse, sse2, sse3, ssse3, sse4a, sse4.1, sse4.2, popcnt, lzcnt, tsc, tscinvbit, avx, avx2, aes, clmul, bmi1, bmi2, fma, vzeroupper, clflush
Processor Information for all 2 processors :
  Max Mhz: 1500, Current Mhz: 1500, Mhz Limit: 1500

Memory: 4k page, system-wide physical 7645M (446M free)
TotalPageFile size 9693M (AvailPageFile size 5M)
current process WorkingSet (physical memory assigned to process): 235M, peak: 235M
current process commit charge ("private bytes"): 335M, peak: 336M

vm_info: OpenJDK 64-Bit Server VM (17.0.11+0--11852314) for windows-amd64 JRE (17.0.11+0--11852314), built on May 16 2024 21:29:20 by "androidbuild" with MS VC++ 16.10 / 16.11 (VS2019)

END.
