#
# There is insufficient memory for the Java Runtime Environment to continue.
# Native memory allocation (mmap) failed to map 125829120 bytes. Error detail: G1 virtual space
# Possible reasons:
#   The system is out of physical RAM or swap space
#   This process is running with CompressedOops enabled, and the Java Heap may be blocking the growth of the native heap
# Possible solutions:
#   Reduce memory load on the system
#   Increase physical memory or swap space
#   Check if swap backing store is full
#   Decrease Java heap size (-Xmx/-Xms)
#   Decrease number of Java threads
#   Decrease Java thread stack sizes (-Xss)
#   Set larger code cache with -XX:ReservedCodeCacheSize=
#   JVM is running with Unscaled Compressed Oops mode in which the Java heap is
#     placed in the first 4GB address space. The Java Heap base address is the
#     maximum limit for the native heap growth. Please use -XX:HeapBaseMinAddress
#     to set the Java Heap base and to place the Java Heap above 4GB virtual address.
# This output file may be truncated or incomplete.
#
#  Out of Memory Error (os_windows.cpp:3825), pid=10760, tid=9648
#
# JRE version:  (17.0.11) (build )
# Java VM: OpenJDK 64-Bit Server VM (17.0.11+0--11852314, mixed mode, sharing, tiered, compressed oops, compressed class ptrs, g1 gc, windows-amd64)
# No core dump will be written. Minidumps are not enabled by default on client versions of Windows
#

---------------  S U M M A R Y ------------

Command Line: org.jetbrains.kotlin.cli.jvm.K2JVMCompiler @C:\Users\HACKER\AndroidStudioProjects\GPresence\app\build\20240827_9585974301743800216.compiler.options

Host: AMD E2-9000e RADEON R2, 4 COMPUTE CORES 2C+2G  , 2 cores, 7G,  Windows 10 , 64 bit Build 19041 (10.0.19041.4717)
Time: Tue Aug 27 21:46:05 2024 Paris, Madrid (heure duild 19041 (10.0.19041.4717) elapsed time: 0.146842 seconds (0d 0h 0m 0s)

---------------  T H R E A D  ---------------

Current thread (0x000001d5c6250f50):  JavaThread "Unknown thread" [_thread_in_vm, id=9648, stack(0x0000005c7b800000,0x0000005c7b900000)]

Stack: [0x0000005c7b800000,0x0000005c7b900000]
Native frames: (J=compiled Java code, j=interpreted, Vv=VM code, C=native code)
V  [jvm.dll+0x687bb9]
V  [jvm.dll+0x84142a]
V  [jvm.dll+0x8430ae]
V  [jvm.dll+0x843713]
V  [jvm.dll+0x24a35f]
V  [jvm.dll+0x684989]
V  [jvm.dll+0x67923a]
V  [jvm.dll+0x30af0b]
V  [jvm.dll+0x3123b6]
V  [jvm.dll+0x361dfe]
V  [jvm.dll+0x36202f]
V  [jvm.dll+0x2e0d38]
V  [jvm.dll+0x2e1ca4]
V  [jvm.dll+0x811f21]
V  [jvm.dll+0x36fb68]
V  [jvm.dll+0x7f0896]
V  [jvm.dll+0x3f3d2f]
V  [jvm.dll+0x3f58e1]
C  [jli.dll+0x528f]
C  [ucrtbase.dll+0x21bb2]
C  [KERNEL32.DLL+0x17374]
C  [ntdll.dll+0x4cc91]


---------------  P R O C E S S  ---------------

Threads class SMR info:
_java_thread_list=0x00007fffc5feefd8, length=0, elements={
}

Java Threads: ( => current thread )

Other Threads:
  0x000001d5c62a8580 GCTaskThread "GC Thread#0" [stack: 0x0000005c7b900000,0x0000005c7ba00000] [id=8768]
  0x000001d5c62b92f0 ConcurrentGCThread "G1 Main Marker" [stack: 0x0000005c7ba00000,0x0000005c7bb00000] [id=11072]
  0x000001d5c62b9c20 ConcurrentGCThread "G1 Conc#0" [stack: 0x0000005c7bb00000,0x0000005c7bc00000] [id=7944]

[error occurred during error reporting (printing all threads), id 0xc0000005, EXCEPTION_ACCESS_VIOLATION (0xc0000005) at pc=0x00007fffc57a1907]

VM state: not at safepoint (not fully initialized)

VM Mutex/Monitor currently owned by a thread:  ([mutex/lock_event])
[0x000001d5c624c0c0] Heap_lock - owner thread: 0x000001d5c6250f50

Heap address: 0x0000000088800000, size: 1912 MB, Compressed Oops mode: 32-bit

CDS archive(s) mapped at: [0x0000000000000000-0x0000000000000000-0x0000000000000000), size 0, SharedBaseAddress: 0x0000000800000000, ArchiveRelocationMode: 1.
Narrow klass base: 0x0000000000000000, Narrow klass shift: 0, Narrow klass range: 0x0

GC Precious Log:
<Empty>

Heap:
 garbage-first heap   total 0K, used 0K [0x0000000088800000, 0x0000000100000000)
  region size 1024K, 0 young (0K), 0 survivors (0K)
 Metaspace       used 0K, committed 0K, reserved 0K
  class space    used 0K, committed 0K, reserved 0K

Heap Regions: E=young(eden), S=young(survivor), O=old, HS=humongous(starts), HC=humongous(continues), CS=collection set, F=free, OA=open archive, CA=closed archive, TAMS=top-at-mark-start (previous, next)

Card table byte_map: [0x000001d5d8730000,0x000001d5d8af0000] _byte_map_base: 0x000001d5d82ec000

Marking Bits (Prev, Next): (CMBitMap*) 0x000001d5c62a9ac0, (CMBitMap*) 0x000001d5c62a9b00
 Prev Bits: [0x000001d5d8eb0000, 0x000001d5dac90000)
 Next Bits: [0x000001d5dac90000, 0x000001d5dca70000)

GC Heap History (0 events):
No events

Dll operation events (1 events):
Event: 0.088 Loaded shared library C:\Program Files\Android\Android Studio1\jbr\bin\java.dll

Deoptimization events (0 events):
No events

Classes unloaded (0 events):
No events

Classes redefined (0 events):
No events

Internal exceptions (0 events):
No events

VM Operations (0 events):
No events

Events (0 events):
No events


Dynamic libraries:
0x00007ff6bbc70000 - 0x00007ff6bbc7a000 	C:\Program Files\Android\Android Studio1\jbr\bin\java.exe
0x00007ff80bb50000 - 0x00007ff80bd48000 	C:\Windows\SYSTEM32\ntdll.dll
0x00007ff80a4a0000 - 0x00007ff80a561000 	C:\Windows\System32\KERNEL32.DLL
0x00007ff8095c0000 - 0x00007ff8098bd000 	C:\Windows\System32\KERNELBASE.dll
0x00007ff809290000 - 0x00007ff809390000 	C:\Windows\System32\ucrtbase.dll
0x00007ffffd410000 - 0x00007ffffd427000 	C:\Program Files\Android\Android Studio1\jbr\bin\jli.dll
0x00007ff80ace0000 - 0x00007ff80ae7d000 	C:\Windows\System32\USER32.dll
0x00007ff804810000 - 0x00007ff80482b000 	C:\Program Files\Android\Android Studio1\jbr\bin\VCRUNTIME140.dll
0x00007ff809590000 - 0x00007ff8095b2000 	C:\Windows\System32\win32u.dll
0x00007ff80a840000 - 0x00007ff80a86b000 	C:\Windows\System32\GDI32.dll
0x00007ff809470000 - 0x00007ff809587000 	C:\Windows\System32\gdi32full.dll
0x00007ffff7be0000 - 0x00007ffff7e7a000 	C:\Windows\WinSxS\amd64_microsoft.windows.common-controls_6595b64144ccf1df_6.0.19041.4355_none_60b8b9eb71f62e16\COMCTL32.dll
0x00007ff80a5d0000 - 0x00007ff80a66e000 	C:\Windows\System32\msvcrt.dll
0x00007ff8098c0000 - 0x00007ff80995d000 	C:\Windows\System32\msvcp_win.dll
0x00007ff80a6d0000 - 0x00007ff80a6ff000 	C:\Windows\System32\IMM32.DLL
0x00007ff806630000 - 0x00007ff80663c000 	C:\Program Files\Android\Android Studio1\jbr\bin\vcruntime140_1.dll
0x00007fffe2d20000 - 0x00007fffe2dad000 	C:\Program Files\Android\Android Studio1\jbr\bin\msvcp140.dll
0x00007fffc54b0000 - 0x00007fffc6133000 	C:\Program Files\Android\Android Studio1\jbr\bin\server\jvm.dll
0x00007ff809c80000 - 0x00007ff809d30000 	C:\Windows\System32\ADVAPI32.dll
0x00007ff80ba70000 - 0x00007ff80bb10000 	C:\Windows\System32\sechost.dll
0x00007ff80b030000 - 0x00007ff80b153000 	C:\Windows\System32\RPCRT4.dll
0x00007ff809390000 - 0x00007ff8093b7000 	C:\Windows\System32\bcrypt.dll
0x00007ff808fa0000 - 0x00007ff808feb000 	C:\Windows\SYSTEM32\POWRPROF.dll
0x00007ff804a10000 - 0x00007ff804a19000 	C:\Windows\SYSTEM32\WSOCK32.dll
0x00007ff80a7d0000 - 0x00007ff80a83b000 	C:\Windows\System32\WS2_32.dll
0x00007ffffd040000 - 0x00007ffffd067000 	C:\Windows\SYSTEM32\WINMM.dll
0x00007ffffd070000 - 0x00007ffffd07a000 	C:\Windows\SYSTEM32\VERSION.dll
0x00007ff808f80000 - 0x00007ff808f92000 	C:\Windows\SYSTEM32\UMPDC.dll
0x00007ff807040000 - 0x00007ff807052000 	C:\Windows\SYSTEM32\kernel.appcore.dll
0x00007ff8026f0000 - 0x00007ff8026fa000 	C:\Program Files\Android\Android Studio1\jbr\bin\jimage.dll
0x00007ffff6350000 - 0x00007ffff6534000 	C:\Windows\SYSTEM32\DBGHELP.DLL
0x00007ffff4690000 - 0x00007ffff46c4000 	C:\Windows\SYSTEM32\dbgcore.DLL
0x00007ff809200000 - 0x00007ff809282000 	C:\Windows\System32\bcryptPrimitives.dll
0x00007ffffd6e0000 - 0x00007ffffd705000 	C:\Program Files\Android\Android Studio1\jbr\bin\java.dll

dbghelp: loaded successfully - version: 4.0.5 - missing functions: none
symbol engine: initialized successfully - sym options: 0x614 - pdb path: .;C:\Program Files\Android\Android Studio1\jbr\bin;C:\Windows\SYSTEM32;C:\Windows\WinSxS\amd64_microsoft.windows.common-controls_6595b64144ccf1df_6.0.19041.4355_none_60b8b9eb71f62e16;C:\Program Files\Android\Android Studio1\jbr\bin\server

VM Arguments:
java_command: org.jetbrains.kotlin.cli.jvm.K2JVMCompiler @C:\Users\HACKER\AndroidStudioProjects\GPresence\app\build\20240827_9585974301743800216.compiler.options
java_class_path (initial): C:\Users\HACKER\.gradle\caches\modules-2\files-2.1\org.jetbrains.kotlin\kotlin-compiler-embeddable\1.9.0\2c8c3a7402becca891f12739b3e9fd2dc2adbd7a\kotlin-compiler-embeddable-1.9.0.jar;C:\Users\HACKER\.gradle\caches\modules-2\files-2.1\org.jetbrains.kotlin\kotlin-stdlib\1.9.0\8ee15ef0c67dc83d874f412d84378d7f0eb50b63\kotlin-stdlib-1.9.0.jar;C:\Users\HACKER\.gradle\caches\modules-2\files-2.1\org.jetbrains.kotlin\kotlin-script-runtime\1.9.0\4b3102cbbb7e1b58d9d1adf89563f00069ffa7d1\kotlin-script-runtime-1.9.0.jar;C:\Users\HACKER\.gradle\caches\modules-2\files-2.1\org.jetbrains.kotlin\kotlin-reflect\1.6.10\1cbe9c92c12a94eea200d23c2bbaedaf3daf5132\kotlin-reflect-1.6.10.jar;C:\Users\HACKER\.gradle\caches\modules-2\files-2.1\org.jetbrains.kotlin\kotlin-daemon-embeddable\1.9.0\186543f5e28cf8d9a0290fecc2cf34301c40a65c\kotlin-daemon-embeddable-1.9.0.jar;C:\Users\HACKER\.gradle\caches\modules-2\files-2.1\org.jetbrains.intellij.deps\trove4j\1.0.20200330\3afb14d5f9ceb459d724e907a21145e8ff394f02\trove4j-1.0.20200330.jar;C:\Users\HACKER\.gradle\caches\modules-2\files-2.1\org.jetbrains.kotlin\kotlin-stdlib-common\1.9.0\cd65c21cfd1eec4d44ef09f9f52b6d9f8a720636\kotlin-stdlib-common-1.9.0.jar;C:\Users\HACKER\.gradle\caches\modules-2\files-2.1\org.jetbrains\annotations\13.0\919f0dfe192fb4e063e7dacadee7f8bb9a2672a9\annotations-13.0.jar
Launcher Type: SUN_STANDARD

[Global flags]
     intx CICompilerCount                          = 2                                         {product} {ergonomic}
     uint ConcGCThreads                            = 1                                         {product} {ergonomic}
     uint G1ConcRefinementThreads                  = 2                                         {product} {ergonomic}
   size_t G1HeapRegionSize                         = 1048576                                   {product} {ergonomic}
    uintx GCDrainStackTargetSize                   = 64                                        {product} {ergonomic}
   size_t InitialHeapSize                          = 125829120                                 {product} {ergonomic}
   size_t MarkStackSize                            = 4194304                                   {product} {ergonomic}
   size_t MaxHeapSize                              = 2004877312                                {product} {ergonomic}
   size_t MinHeapDeltaBytes                        = 1048576                                   {product} {ergonomic}
   size_t MinHeapSize                              = 8388608                                   {product} {ergonomic}
    uintx NonNMethodCodeHeapSize                   = 5826188                                {pd product} {ergonomic}
    uintx NonProfiledCodeHeapSize                  = 122916026                              {pd product} {ergonomic}
    uintx ProfiledCodeHeapSize                     = 122916026                              {pd product} {ergonomic}
    uintx ReservedCodeCacheSize                    = 251658240                              {pd product} {ergonomic}
     bool SegmentedCodeCache                       = true                                      {product} {ergonomic}
   size_t SoftMaxHeapSize                          = 2004877312                             {manageable} {ergonomic}
     bool UseCompressedClassPointers               = true                           {product lp64_product} {ergonomic}
     bool UseCompressedOops                        = true                           {product lp64_product} {ergonomic}
     bool UseG1GC                                  = true                                      {product} {ergonomic}
     bool UseLargePagesIndividualAllocation        = false                                  {pd product} {ergonomic}

Logging:
Log output configuration:
 #0: stdout all=warning uptime,level,tags
 #1: stderr all=off uptime,level,tags

Environment Variables:
JAVA_HOME=C:\Program Files\Java\jdk-20
PATH=C:\Python312\Scripts\;C:\Python312\;C:\Program Files\Common Files\Oracle\Java\javapath;C:\Windows\system32;C:\Windows;C:\Windows\System32\Wbem;C:\Windows\System32\WindowsPowerShell\v1.0\;C:\Windows\System32\OpenSSH\;C:\Program Files (x86)\dotnet\;C:\Program Files\dotnet\;C:\Program Files\Java\jdk-19\bin;F:\apache-maven-4.0.0-alpha-10\bin;C:\ProgramData\chocolatey\bin;C:\Program Files\Docker\Docker\resources\bin;C:\Program Files\nodejs\;C:\Users\HACKER\AppData\Local;%LOCALAPPDATA%\Android\Sdk\platform-tools;C:\Program Files\Git\cmd;C:\Program Files\Microsoft SQL Server\150\Tools\Binn\;C:\Program Files\Microsoft SQL Server\Client SDK\ODBC\170\Tools\Binn\;C:\Program Files (x86)\Windows Kits\10\Windows Performance Toolkit\;C:\xampp\php;C:\kotlinc\lib;C:\kotlinc\bin;C:\Users\HACKER\AppData\Roaming\npm;C:\Users\HACKER\AppData\Local\platform-tools;C:\Users\HACKER\AppData\Local\tools;C:\Users\HACKER\AppData\Local\platform-tools;C:\Users\HACKER\AppData\Local\tools;C:\xampp\php;C:\Program Files\MySQL\MySQL Shell 8.0\bin\;C:\laragon\bin;C:\laragon\bin\apache\httpd-2.4.54-win64-VS16\bin;C:\laragon\bin\composer;C:\laragon\bin\git\bin;C:\laragon\bin\git\cmd;C:\laragon\bin\git\mingw64\bin;C:\laragon\bin\git\usr\bin;C:\laragon\bin\laragon\utils;C:\laragon\bin\mysql\mysql-8.0.30-winx64\bin;C:\laragon\bin\nginx\nginx-1.22.0;C:\laragon\bin\ngrok;C:\laragon\bin\nodejs\node-v18;C:\laragon\bin\notepad++;C:\laragon\bin\python\python-3.10;C:\laragon\bin\python\python-3.10\Scripts;C:\laragon\bin\redis\redis-x64-5.0.14.1;C:\laragon\bin\telnet;C:\laragon\usr\bin;C:\Users\HACKER\AppData\Local\Yarn\config\global\node_modules\.bin;C:\Users\HACKER\AppData\Roaming\Composer\vendor\bin;C:\Users\HACKER\AppData\Local\Microsoft\WindowsApps;C:\Users\HACKER\AppData\Local\Programs\Microsoft VS Code\bin;F:\apache-maven-4.0.0-alpha-10\bin;%In
USERNAME=HACKER
OS=Windows_NT
PROCESSOR_IDENTIFIER=AMD64 Family 21 Model 112 Stepping 0, AuthenticAMD
TMP=C:\Users\HACKER\AppData\Local\Temp
TEMP=C:\Users\HACKER\AppData\Local\Temp



Periodic native trim disabled

JNI global refs:
JNI global refs: 0, weak refs: 0

JNI global refs memory usage: 0, weak refs: 0

Process memory usage:
Resident Set Size: 10752K (0% of 7829172K total physical memory with 563696K free physical memory)

OOME stack traces (most recent first):
Classloader memory used:


---------------  S Y S T E M  ---------------

OS:
 Windows 10 , 64 bit Build 19041 (10.0.19041.4717)
OS uptime: 0 days 20:52 hours
Hyper-V role detected

CPU: total 2 (initial active 2) (2 cores per cpu, 1 threads per core) family 21 model 112 stepping 0 microcode 0x0, cx8, cmov, fxsr, mmx, 3dnowpref, sse, sse2, sse3, ssse3, sse4a, sse4.1, sse4.2, popcnt, lzcnt, tsc, tscinvbit, avx, avx2, aes, clmul, bmi1, bmi2, fma, vzeroupper, clflush, hv
Processor Information for all 2 processors :
  Max Mhz: 1500, Current Mhz: 1500, Mhz Limit: 1500

Memory: 4k page, system-wide physical 7645M (550M free)
TotalPageFile size 9693M (AvailPageFile size 121M)
current process WorkingSet (physical memory assigned to process): 10M, peak: 10M
current process commit charge ("private bytes"): 47M, peak: 167M

vm_info: OpenJDK 64-Bit Server VM (17.0.11+0--11852314) for windows-amd64 JRE (17.0.11+0--11852314), built on May 16 2024 21:29:20 by "androidbuild" with MS VC++ 16.10 / 16.11 (VS2019)

END.
